[14:05:32] [ServerMain/INFO]: [bootstrap] Running Java 21 (OpenJDK 64-Bit Server VM 21.0.5+11-Ubuntu-1ubuntu120.04; Ubuntu null) on Linux 6.5.0-1025-azure (amd64)
[14:05:32] [ServerMain/INFO]: [bootstrap] Loading Paper 1.21.3-63-master@4190ee7 (2024-11-25T18:59:19Z) for Minecraft 1.21.3
[14:05:33] [ServerMain/INFO]: [PluginInitializerManager] Initializing plugins...
[14:05:33] [ServerMain/INFO]: [PluginInitializerManager] Initialized 1 plugin
[14:05:33] [ServerMain/INFO]: [PluginInitializerManager] Bukkit plugins (1):
 - SkinsRestorer (15.4.4)
[14:05:37] [ServerMain/INFO]: Environment: Environment[sessionHost=https://sessionserver.mojang.com, servicesHost=https://api.minecraftservices.com, name=PROD]
[14:05:38] [ServerMain/INFO]: Loaded 1337 recipes
[14:05:38] [ServerMain/INFO]: Loaded 1448 advancements
[14:05:38] [Server thread/INFO]: Starting minecraft server version 1.21.3
[14:05:38] [Server thread/INFO]: Loading properties
[14:05:39] [Server thread/INFO]: This server is running Paper version 1.21.3-63-master@4190ee7 (2024-11-25T18:59:19Z) (Implementing API version 1.21.3-R0.1-SNAPSHOT)
[14:05:39] [Server thread/INFO]: [spark] This server bundles the spark profiler. For more information please visit https://docs.papermc.io/paper/profiling
[14:05:39] [Server thread/INFO]: Server Ping Player Sample Count: 12
[14:05:39] [Server thread/INFO]: Using 4 threads for Netty based IO
[14:05:40] [Server thread/INFO]: [MoonriseCommon] Paper is using 1 worker threads, 1 I/O threads
[14:05:40] [Server thread/INFO]: [ChunkTaskScheduler] Chunk system is using population gen parallelism: true
[14:05:40] [Server thread/INFO]: Default game type: SURVIVAL
[14:05:40] [Server thread/INFO]: Generating keypair
[14:05:40] [Server thread/INFO]: Starting Minecraft server on *:25565
[14:05:40] [Server thread/INFO]: Using epoll channel type
[14:05:40] [Server thread/INFO]: Paper: Using libdeflate (Linux x86_64) compression from Velocity.
[14:05:40] [Server thread/INFO]: Paper: Using OpenSSL 1.1.x (Linux x86_64) cipher from Velocity.
[14:05:41] [Server thread/INFO]: [SkinsRestorer] Loading server plugin SkinsRestorer v15.4.4
[14:05:41] [Server thread/INFO]: Server permissions file permissions.yml is empty, ignoring it
[14:05:41] [Server thread/INFO]: [SkinsRestorer] Enabling SkinsRestorer v15.4.4
[14:05:42] [Server thread/WARN]: [SkinsRestorer] You must agree to the rules at 'commands.perSkinPermissionsConsent' in the config to use per skin permissions.
[14:05:42] [Server thread/INFO]: [SkinsRestorer] Running on Minecraft 1.21.3.
[14:05:43] [Server thread/INFO]: [SkinsRestorer] Using paper join listener!
[14:05:43] [Server thread/WARN]: **** SERVER IS RUNNING IN OFFLINE/INSECURE MODE!
[14:05:43] [Server thread/WARN]: The server will make no attempt to authenticate usernames. Beware.
[14:05:43] [Server thread/WARN]: While this makes the game possible to play without internet access, it also opens up the ability for hackers to connect with any username they choose.
[14:05:43] [Server thread/WARN]: To change this, set "online-mode" to "true" in the server.properties file.
[14:05:43] [Server thread/INFO]: Preparing level "world"
[14:05:43] [Folia Async Scheduler Thread #1/INFO]: [SkinsRestorer] ----------------------------------------------
[14:05:43] [Folia Async Scheduler Thread #1/INFO]: [SkinsRestorer]     +==================+
[14:05:43] [Folia Async Scheduler Thread #1/INFO]: [SkinsRestorer]     |   SkinsRestorer  |
[14:05:43] [Folia Async Scheduler Thread #1/INFO]: [SkinsRestorer]     |------------------|
[14:05:43] [Folia Async Scheduler Thread #1/INFO]: [SkinsRestorer]     |  Standalone Mode |
[14:05:43] [Folia Async Scheduler Thread #1/INFO]: [SkinsRestorer]     +==================+
[14:05:43] [Folia Async Scheduler Thread #1/INFO]: [SkinsRestorer] ----------------------------------------------
[14:05:43] [Folia Async Scheduler Thread #1/INFO]: [SkinsRestorer]     Version: 15.4.4
[14:05:43] [Folia Async Scheduler Thread #1/INFO]: [SkinsRestorer]     Commit: dc501c7
[14:05:43] [Folia Async Scheduler Thread #1/INFO]: [SkinsRestorer]     This is the latest version!
[14:05:43] [Folia Async Scheduler Thread #1/INFO]: [SkinsRestorer] ----------------------------------------------
[14:05:43] [Folia Async Scheduler Thread #1/INFO]: [SkinsRestorer] Do you have issues? Read our troubleshooting guide: https://skinsrestorer.net/docs/troubleshooting
[14:05:43] [Folia Async Scheduler Thread #1/INFO]: [SkinsRestorer] Want to support SkinsRestorer? Consider donating: https://skinsrestorer.net/donate
[14:05:43] [Server thread/INFO]: Preparing start region for dimension minecraft:overworld
[14:05:43] [Server thread/INFO]: Preparing spawn area: 0%
[14:05:43] [Paper Common Worker #0/INFO]: [MCTypeRegistry] Initialising converters for DataConverter...
[14:05:44] [Paper Common Worker #0/INFO]: [MCTypeRegistry] Finished initialising converters for DataConverter in 322.2ms
[14:05:44] [Server thread/INFO]: Preparing spawn area: 2%
[14:05:44] [Server thread/INFO]: Preparing spawn area: 30%
[14:05:44] [Server thread/INFO]: Time elapsed: 1382 ms
[14:05:44] [Server thread/INFO]: Preparing start region for dimension minecraft:the_nether
[14:05:44] [Server thread/INFO]: Preparing spawn area: 0%
[14:05:45] [Server thread/INFO]: Time elapsed: 311 ms
[14:05:45] [Server thread/INFO]: Preparing start region for dimension minecraft:the_end
[14:05:45] [Server thread/INFO]: Preparing spawn area: 0%
[14:05:45] [Server thread/INFO]: Time elapsed: 133 ms
[14:05:45] [Server thread/INFO]: [spark] Starting background profiler...
[14:05:45] [Server thread/INFO]: Done preparing level "world" (2.536s)
[14:05:45] [Server thread/INFO]: Running delayed init tasks
[14:05:45] [Server thread/INFO]: Done (13.674s)! For help, type "help"
[14:06:12] [User Authenticator #0/INFO]: UUID of player geotrush is 583146d1-b2cf-3918-9ea5-b7f59e3efdcf
[14:06:15] [Server thread/INFO]: geotrush joined the game
[14:06:15] [Server thread/INFO]: geotrush[/[0:0:0:0:0:0:0:1%0]:45722] logged in with entity id 35 at ([world]206.5, 81.0, -359.5)
[14:08:19] [User Authenticator #1/INFO]: UUID of player Rcer_mc is 697956e9-2eb5-37d0-ab08-c40f51de3c18
[14:08:23] [Server thread/INFO]: Rcer_mc joined the game
[14:08:23] [Server thread/INFO]: Rcer_mc[/[0:0:0:0:0:0:0:1%0]:57234] logged in with entity id 595 at ([world]218.5, 89.0, -341.5)
[14:08:56] [Async Chat Thread - #1/INFO]: [Not Secure] <geotrush> holaaa
[14:09:05] [Async Chat Thread - #1/INFO]: [Not Secure] <Rcer_mc> hi
[14:09:29] [Async Chat Thread - #1/INFO]: [Not Secure] <geotrush> tremenda zona donde aparecimos o XDDDD
[14:09:44] [Async Chat Thread - #1/INFO]: [Not Secure] <Rcer_mc> osea no me va mal pero tampoco tan bien q digamos
[14:10:18] [Async Chat Thread - #1/INFO]: [Not Secure] <geotrush> aaaa configuralo p
[14:10:24] [Async Chat Thread - #1/INFO]: [Not Secure] <Rcer_mc> como p
[14:10:32] [Async Chat Thread - #1/INFO]: [Not Secure] <geotrush> en opciones luego en graficos
[14:11:02] [Async Chat Thread - #1/INFO]: [Not Secure] <geotrush> si mantienes el mouse en algunas opciones te da una descripcion
[14:11:07] [Async Chat Thread - #1/INFO]: [Not Secure] <geotrush> ahi ves lo q te conviene p
[14:11:19] [Async Chat Thread - #1/INFO]: [Not Secure] <Rcer_mc> pero hay muchas cosas
[14:11:21] [Server thread/INFO]: geotrush issued server command: /skin gojo
[14:11:26] [Async Chat Thread - #1/INFO]: [Not Secure] <Rcer_mc> y si cambio algo q no
[14:11:36] [Async Chat Thread - #1/INFO]: [Not Secure] <geotrush> aaaa me cambie de skin pero nose q me puse XDDD
[14:12:01] [Async Chat Thread - #1/INFO]: [Not Secure] <geotrush> cambia lo de graficos y ponle rapido
[14:12:33] [Async Chat Thread - #1/INFO]: [Not Secure] <geotrush> y lo de renderizado y simulacion bajale un poco p
[14:13:32] [Server thread/INFO]: geotrush issued server command: /skin MysticKnowledge
[14:13:44] [Async Chat Thread - #2/INFO]: [Not Secure] <geotrush> ya se hizo de noche XDDDD
[14:13:47] [Async Chat Thread - #2/INFO]: [Not Secure] <Rcer_mc> si
[14:14:03] [Async Chat Thread - #2/INFO]: [Not Secure] <Rcer_mc> un hoyo en el suelo y ya o q
[14:14:13] [Async Chat Thread - #2/INFO]: [Not Secure] <Rcer_mc> para pasar la noche p
[14:14:19] [Async Chat Thread - #2/INFO]: [Not Secure] <geotrush> puede ser p
[14:15:02] [Async Chat Thread - #2/INFO]: [Not Secure] <geotrush> aaaa
[14:15:31] [Async Chat Thread - #2/INFO]: [Not Secure] <geotrush> tengo 5 corazones o XDDDD
